{"E:\\Projects\\Microservices Projects\\tickethub\\auth\\src\\app.ts": {"path":"E:\\Projects\\Microservices Projects\\tickethub\\auth\\src\\app.ts","statementMap":{"0":{"start":{"line":1,"column":0},"end":{"line":1,"column":30}},"1":{"start":{"line":2,"column":0},"end":{"line":2,"column":30}},"2":{"start":{"line":3,"column":0},"end":{"line":3,"column":43}},"3":{"start":{"line":5,"column":0},"end":{"line":5,"column":67}},"4":{"start":{"line":6,"column":0},"end":{"line":6,"column":35}},"5":{"start":{"line":7,"column":0},"end":{"line":7,"column":58}},"6":{"start":{"line":8,"column":0},"end":{"line":8,"column":47}},"7":{"start":{"line":9,"column":0},"end":{"line":9,"column":49}},"8":{"start":{"line":10,"column":0},"end":{"line":10,"column":47}},"9":{"start":{"line":12,"column":12},"end":{"line":12,"column":21}},"10":{"start":{"line":33,"column":9},"end":{"line":33,"column":12}},"11":{"start":{"line":13,"column":0},"end":{"line":13,"column":29}},"12":{"start":{"line":15,"column":0},"end":{"line":15,"column":16}},"13":{"start":{"line":16,"column":0},"end":{"line":21,"column":2}},"14":{"start":{"line":22,"column":0},"end":{"line":22,"column":27}},"15":{"start":{"line":23,"column":0},"end":{"line":23,"column":22}},"16":{"start":{"line":24,"column":0},"end":{"line":24,"column":23}},"17":{"start":{"line":25,"column":0},"end":{"line":25,"column":22}},"18":{"start":{"line":27,"column":0},"end":{"line":29,"column":3}},"19":{"start":{"line":27,"column":32},"end":{"line":29,"column":2}},"20":{"start":{"line":28,"column":2},"end":{"line":28,"column":28}},"21":{"start":{"line":31,"column":0},"end":{"line":31,"column":22}}},"fnMap":{"0":{"name":"(anonymous_8)","decl":{"start":{"line":27,"column":13},"end":{"line":27,"column":20}},"loc":{"start":{"line":27,"column":32},"end":{"line":29,"column":2}}},"1":{"name":"(anonymous_9)","decl":{"start":{"line":27,"column":32},"end":{"line":27,"column":null}},"loc":{"start":{"line":27,"column":32},"end":{"line":29,"column":1}}}},"branchMap":{},"s":{"0":4,"1":4,"2":4,"3":4,"4":4,"5":4,"6":4,"7":4,"8":4,"9":4,"10":4,"11":4,"12":4,"13":4,"14":4,"15":4,"16":4,"17":4,"18":4,"19":0,"20":0,"21":4},"f":{"0":0,"1":0},"b":{}}
,"E:\\Projects\\Microservices Projects\\tickethub\\auth\\src\\models\\user.ts": {"path":"E:\\Projects\\Microservices Projects\\tickethub\\auth\\src\\models\\user.ts","statementMap":{"0":{"start":{"line":1,"column":0},"end":{"line":1,"column":46}},"1":{"start":{"line":2,"column":0},"end":{"line":2,"column":48}},"2":{"start":{"line":24,"column":19},"end":{"line":44,"column":null}},"3":{"start":{"line":38,"column":8},"end":{"line":38,"column":25}},"4":{"start":{"line":39,"column":8},"end":{"line":39,"column":23}},"5":{"start":{"line":40,"column":8},"end":{"line":40,"column":28}},"6":{"start":{"line":47,"column":0},"end":{"line":53,"column":3}},"7":{"start":{"line":48,"column":2},"end":{"line":51,"column":null}},"8":{"start":{"line":49,"column":19},"end":{"line":49,"column":62}},"9":{"start":{"line":50,"column":4},"end":{"line":50,"column":33}},"10":{"start":{"line":52,"column":2},"end":{"line":52,"column":9}},"11":{"start":{"line":56,"column":0},"end":{"line":58,"column":2}},"12":{"start":{"line":57,"column":2},"end":{"line":57,"column":25}},"13":{"start":{"line":60,"column":13},"end":{"line":60,"column":67}},"14":{"start":{"line":62,"column":9},"end":{"line":62,"column":13}}},"fnMap":{"0":{"name":"(anonymous_8)","decl":{"start":{"line":37,"column":6},"end":{"line":37,"column":15}},"loc":{"start":{"line":37,"column":24},"end":{"line":41,"column":7}}},"1":{"name":"(anonymous_9)","decl":{"start":{"line":47,"column":23},"end":{"line":47,"column":39}},"loc":{"start":{"line":47,"column":43},"end":{"line":53,"column":2}}},"2":{"name":"(anonymous_11)","decl":{"start":{"line":56,"column":27},"end":{"line":56,"column":28}},"loc":{"start":{"line":56,"column":48},"end":{"line":58,"column":1}}}},"branchMap":{"0":{"loc":{"start":{"line":48,"column":2},"end":{"line":51,"column":null}},"type":"if","locations":[{"start":{"line":48,"column":2},"end":{"line":51,"column":null}}]}},"s":{"0":4,"1":4,"2":4,"3":9,"4":9,"5":9,"6":4,"7":7,"8":7,"9":7,"10":7,"11":4,"12":7,"13":4,"14":4},"f":{"0":9,"1":7,"2":7},"b":{"0":[7]}}
,"E:\\Projects\\Microservices Projects\\tickethub\\auth\\src\\routes\\current-user.ts": {"path":"E:\\Projects\\Microservices Projects\\tickethub\\auth\\src\\routes\\current-user.ts","statementMap":{"0":{"start":{"line":1,"column":0},"end":{"line":1,"column":53}},"1":{"start":{"line":2,"column":0},"end":{"line":2,"column":51}},"2":{"start":{"line":4,"column":15},"end":{"line":4,"column":31}},"3":{"start":{"line":14,"column":19},"end":{"line":14,"column":36}},"4":{"start":{"line":6,"column":0},"end":{"line":12,"column":2}},"5":{"start":{"line":10,"column":4},"end":{"line":10,"column":55}}},"fnMap":{"0":{"name":"(anonymous_1)","decl":{"start":{"line":9,"column":2},"end":{"line":9,"column":3}},"loc":{"start":{"line":9,"column":34},"end":{"line":11,"column":3}}}},"branchMap":{"0":{"loc":{"start":{"line":10,"column":28},"end":{"line":10,"column":51}},"type":"binary-expr","locations":[{"start":{"line":10,"column":28},"end":{"line":10,"column":43}},{"start":{"line":10,"column":47},"end":{"line":10,"column":51}}]}},"s":{"0":4,"1":4,"2":4,"3":4,"4":4,"5":2},"f":{"0":2},"b":{"0":[2,1]}}
,"E:\\Projects\\Microservices Projects\\tickethub\\auth\\src\\routes\\signin.ts": {"path":"E:\\Projects\\Microservices Projects\\tickethub\\auth\\src\\routes\\signin.ts","statementMap":{"0":{"start":{"line":1,"column":0},"end":{"line":1,"column":31}},"1":{"start":{"line":2,"column":0},"end":{"line":2,"column":53}},"2":{"start":{"line":3,"column":0},"end":{"line":3,"column":41}},"3":{"start":{"line":4,"column":0},"end":{"line":4,"column":72}},"4":{"start":{"line":5,"column":0},"end":{"line":5,"column":38}},"5":{"start":{"line":6,"column":0},"end":{"line":6,"column":48}},"6":{"start":{"line":8,"column":15},"end":{"line":8,"column":31}},"7":{"start":{"line":50,"column":19},"end":{"line":50,"column":31}},"8":{"start":{"line":10,"column":0},"end":{"line":48,"column":2}},"9":{"start":{"line":17,"column":40},"end":{"line":47,"column":null}},"10":{"start":{"line":18,"column":32},"end":{"line":18,"column":40}},"11":{"start":{"line":19,"column":25},"end":{"line":19,"column":54}},"12":{"start":{"line":21,"column":4},"end":{"line":23,"column":null}},"13":{"start":{"line":22,"column":6},"end":{"line":22,"column":55}},"14":{"start":{"line":25,"column":26},"end":{"line":27,"column":null}},"15":{"start":{"line":30,"column":4},"end":{"line":32,"column":null}},"16":{"start":{"line":31,"column":6},"end":{"line":31,"column":57}},"17":{"start":{"line":34,"column":20},"end":{"line":39,"column":null}},"18":{"start":{"line":42,"column":4},"end":{"line":44,"column":6}},"19":{"start":{"line":46,"column":4},"end":{"line":46,"column":39}}},"fnMap":{"0":{"name":"(anonymous_8)","decl":{"start":{"line":17,"column":2},"end":{"line":17,"column":9}},"loc":{"start":{"line":17,"column":40},"end":{"line":47,"column":null}}},"1":{"name":"(anonymous_9)","decl":{"start":{"line":17,"column":40},"end":{"line":17,"column":null}},"loc":{"start":{"line":17,"column":40},"end":{"line":47,"column":3}}}},"branchMap":{"0":{"loc":{"start":{"line":21,"column":4},"end":{"line":23,"column":null}},"type":"if","locations":[{"start":{"line":21,"column":4},"end":{"line":23,"column":null}}]},"1":{"loc":{"start":{"line":30,"column":4},"end":{"line":32,"column":null}},"type":"if","locations":[{"start":{"line":30,"column":4},"end":{"line":32,"column":null}}]}},"s":{"0":4,"1":4,"2":4,"3":4,"4":4,"5":4,"6":4,"7":4,"8":4,"9":5,"10":5,"11":5,"12":5,"13":2,"14":3,"15":3,"16":1,"17":2,"18":2,"19":2},"f":{"0":5,"1":5},"b":{"0":[2],"1":[1]}}
,"E:\\Projects\\Microservices Projects\\tickethub\\auth\\src\\routes\\signout.ts": {"path":"E:\\Projects\\Microservices Projects\\tickethub\\auth\\src\\routes\\signout.ts","statementMap":{"0":{"start":{"line":1,"column":0},"end":{"line":1,"column":53}},"1":{"start":{"line":3,"column":15},"end":{"line":3,"column":31}},"2":{"start":{"line":10,"column":19},"end":{"line":10,"column":32}},"3":{"start":{"line":5,"column":0},"end":{"line":8,"column":3}},"4":{"start":{"line":6,"column":2},"end":{"line":6,"column":21}},"5":{"start":{"line":7,"column":2},"end":{"line":7,"column":15}}},"fnMap":{"0":{"name":"(anonymous_1)","decl":{"start":{"line":5,"column":34},"end":{"line":5,"column":35}},"loc":{"start":{"line":5,"column":66},"end":{"line":8,"column":1}}}},"branchMap":{},"s":{"0":4,"1":4,"2":4,"3":4,"4":1,"5":1},"f":{"0":1},"b":{}}
,"E:\\Projects\\Microservices Projects\\tickethub\\auth\\src\\routes\\signup.ts": {"path":"E:\\Projects\\Microservices Projects\\tickethub\\auth\\src\\routes\\signup.ts","statementMap":{"0":{"start":{"line":1,"column":0},"end":{"line":1,"column":53}},"1":{"start":{"line":2,"column":0},"end":{"line":2,"column":31}},"2":{"start":{"line":4,"column":0},"end":{"line":4,"column":72}},"3":{"start":{"line":5,"column":0},"end":{"line":5,"column":41}},"4":{"start":{"line":6,"column":0},"end":{"line":6,"column":38}},"5":{"start":{"line":8,"column":15},"end":{"line":8,"column":31}},"6":{"start":{"line":51,"column":19},"end":{"line":51,"column":31}},"7":{"start":{"line":10,"column":0},"end":{"line":49,"column":2}},"8":{"start":{"line":20,"column":40},"end":{"line":48,"column":null}},"9":{"start":{"line":21,"column":32},"end":{"line":21,"column":40}},"10":{"start":{"line":23,"column":25},"end":{"line":23,"column":54}},"11":{"start":{"line":25,"column":4},"end":{"line":27,"column":null}},"12":{"start":{"line":26,"column":6},"end":{"line":26,"column":56}},"13":{"start":{"line":29,"column":17},"end":{"line":29,"column":48}},"14":{"start":{"line":31,"column":4},"end":{"line":31,"column":22}},"15":{"start":{"line":34,"column":20},"end":{"line":39,"column":null}},"16":{"start":{"line":43,"column":4},"end":{"line":45,"column":6}},"17":{"start":{"line":47,"column":4},"end":{"line":47,"column":31}}},"fnMap":{"0":{"name":"(anonymous_8)","decl":{"start":{"line":20,"column":2},"end":{"line":20,"column":9}},"loc":{"start":{"line":20,"column":40},"end":{"line":48,"column":null}}},"1":{"name":"(anonymous_9)","decl":{"start":{"line":20,"column":40},"end":{"line":20,"column":null}},"loc":{"start":{"line":20,"column":40},"end":{"line":48,"column":3}}}},"branchMap":{"0":{"loc":{"start":{"line":25,"column":4},"end":{"line":27,"column":null}},"type":"if","locations":[{"start":{"line":25,"column":4},"end":{"line":27,"column":null}}]}},"s":{"0":4,"1":4,"2":4,"3":4,"4":4,"5":4,"6":4,"7":4,"8":8,"9":8,"10":8,"11":8,"12":1,"13":7,"14":7,"15":7,"16":7,"17":7},"f":{"0":8,"1":8},"b":{"0":[1]}}
,"E:\\Projects\\Microservices Projects\\tickethub\\auth\\src\\services\\password.ts": {"path":"E:\\Projects\\Microservices Projects\\tickethub\\auth\\src\\services\\password.ts","statementMap":{"0":{"start":{"line":1,"column":0},"end":{"line":1,"column":45}},"1":{"start":{"line":2,"column":0},"end":{"line":2,"column":33}},"2":{"start":{"line":4,"column":20},"end":{"line":4,"column":37}},"3":{"start":{"line":8,"column":17},"end":{"line":8,"column":47}},"4":{"start":{"line":9,"column":17},"end":{"line":9,"column":54}},"5":{"start":{"line":10,"column":4},"end":{"line":10,"column":44}},"6":{"start":{"line":14,"column":35},"end":{"line":14,"column":60}},"7":{"start":{"line":15,"column":17},"end":{"line":15,"column":62}},"8":{"start":{"line":17,"column":4},"end":{"line":17,"column":50}},"9":{"start":{"line":6,"column":0},"end":{"line":6,"column":13}}},"fnMap":{"0":{"name":"(anonymous_7)","decl":{"start":{"line":7,"column":2},"end":{"line":7,"column":8}},"loc":{"start":{"line":7,"column":38},"end":{"line":11,"column":null}}},"1":{"name":"(anonymous_9)","decl":{"start":{"line":13,"column":2},"end":{"line":13,"column":8}},"loc":{"start":{"line":13,"column":71},"end":{"line":18,"column":null}}}},"branchMap":{},"s":{"0":4,"1":4,"2":4,"3":7,"4":7,"5":7,"6":3,"7":3,"8":3,"9":4},"f":{"0":7,"1":3},"b":{}}
}
