TN:
SF:src\app.ts
FN:27,(anonymous_8)
FN:27,(anonymous_9)
FNF:2
FNH:0
FNDA:0,(anonymous_8)
FNDA:0,(anonymous_9)
DA:1,4
DA:2,4
DA:3,4
DA:5,4
DA:6,4
DA:7,4
DA:8,4
DA:9,4
DA:10,4
DA:12,4
DA:13,4
DA:15,4
DA:16,4
DA:22,4
DA:23,4
DA:24,4
DA:25,4
DA:27,4
DA:28,0
DA:31,4
DA:33,4
LF:21
LH:20
BRF:0
BRH:0
end_of_record
TN:
SF:src\models\user.ts
FN:37,(anonymous_8)
FN:47,(anonymous_9)
FN:56,(anonymous_11)
FNF:3
FNH:3
FNDA:9,(anonymous_8)
FNDA:7,(anonymous_9)
FNDA:7,(anonymous_11)
DA:1,4
DA:2,4
DA:24,4
DA:38,9
DA:39,9
DA:40,9
DA:47,4
DA:48,7
DA:49,7
DA:50,7
DA:52,7
DA:56,4
DA:57,7
DA:60,4
DA:62,4
LF:15
LH:15
BRDA:48,0,0,7
BRF:1
BRH:1
end_of_record
TN:
SF:src\routes\current-user.ts
FN:9,(anonymous_1)
FNF:1
FNH:1
FNDA:2,(anonymous_1)
DA:1,4
DA:2,4
DA:4,4
DA:6,4
DA:10,2
DA:14,4
LF:6
LH:6
BRDA:10,0,0,2
BRDA:10,0,1,1
BRF:2
BRH:2
end_of_record
TN:
SF:src\routes\signin.ts
FN:17,(anonymous_8)
FN:17,(anonymous_9)
FNF:2
FNH:2
FNDA:5,(anonymous_8)
FNDA:5,(anonymous_9)
DA:1,4
DA:2,4
DA:3,4
DA:4,4
DA:5,4
DA:6,4
DA:8,4
DA:10,4
DA:17,5
DA:18,5
DA:19,5
DA:21,5
DA:22,2
DA:25,3
DA:30,3
DA:31,1
DA:34,2
DA:42,2
DA:46,2
DA:50,4
LF:20
LH:20
BRDA:21,0,0,2
BRDA:30,1,0,1
BRF:2
BRH:2
end_of_record
TN:
SF:src\routes\signout.ts
FN:5,(anonymous_1)
FNF:1
FNH:1
FNDA:1,(anonymous_1)
DA:1,4
DA:3,4
DA:5,4
DA:6,1
DA:7,1
DA:10,4
LF:6
LH:6
BRF:0
BRH:0
end_of_record
TN:
SF:src\routes\signup.ts
FN:20,(anonymous_8)
FN:20,(anonymous_9)
FNF:2
FNH:2
FNDA:8,(anonymous_8)
FNDA:8,(anonymous_9)
DA:1,4
DA:2,4
DA:4,4
DA:5,4
DA:6,4
DA:8,4
DA:10,4
DA:20,8
DA:21,8
DA:23,8
DA:25,8
DA:26,1
DA:29,7
DA:31,7
DA:34,7
DA:43,7
DA:47,7
DA:51,4
LF:18
LH:18
BRDA:25,0,0,1
BRF:1
BRH:1
end_of_record
TN:
SF:src\services\password.ts
FN:7,(anonymous_7)
FN:13,(anonymous_9)
FNF:2
FNH:2
FNDA:7,(anonymous_7)
FNDA:3,(anonymous_9)
DA:1,4
DA:2,4
DA:4,4
DA:6,4
DA:8,7
DA:9,7
DA:10,7
DA:14,3
DA:15,3
DA:17,3
LF:10
LH:10
BRF:0
BRH:0
end_of_record
