{"E:\\Projects\\Microservices Projects\\tickethub\\payments\\src\\app.ts": {"path":"E:\\Projects\\Microservices Projects\\tickethub\\payments\\src\\app.ts","statementMap":{"0":{"start":{"line":1,"column":0},"end":{"line":1,"column":53}},"1":{"start":{"line":2,"column":0},"end":{"line":2,"column":30}},"2":{"start":{"line":3,"column":0},"end":{"line":3,"column":43}},"3":{"start":{"line":4,"column":0},"end":{"line":4,"column":35}},"4":{"start":{"line":5,"column":0},"end":{"line":5,"column":null}},"5":{"start":{"line":12,"column":0},"end":{"line":12,"column":49}},"6":{"start":{"line":14,"column":12},"end":{"line":14,"column":21}},"7":{"start":{"line":34,"column":9},"end":{"line":34,"column":12}},"8":{"start":{"line":15,"column":0},"end":{"line":15,"column":29}},"9":{"start":{"line":17,"column":0},"end":{"line":17,"column":16}},"10":{"start":{"line":18,"column":0},"end":{"line":23,"column":2}},"11":{"start":{"line":25,"column":0},"end":{"line":25,"column":21}},"12":{"start":{"line":26,"column":0},"end":{"line":26,"column":27}},"13":{"start":{"line":28,"column":0},"end":{"line":30,"column":3}},"14":{"start":{"line":28,"column":51},"end":{"line":30,"column":2}},"15":{"start":{"line":29,"column":2},"end":{"line":29,"column":28}},"16":{"start":{"line":32,"column":0},"end":{"line":32,"column":22}}},"fnMap":{"0":{"name":"(anonymous_8)","decl":{"start":{"line":28,"column":13},"end":{"line":28,"column":20}},"loc":{"start":{"line":28,"column":51},"end":{"line":30,"column":2}}},"1":{"name":"(anonymous_9)","decl":{"start":{"line":28,"column":51},"end":{"line":28,"column":null}},"loc":{"start":{"line":28,"column":51},"end":{"line":30,"column":1}}}},"branchMap":{},"s":{"0":1,"1":1,"2":1,"3":1,"4":1,"5":1,"6":1,"7":1,"8":1,"9":1,"10":1,"11":1,"12":1,"13":1,"14":0,"15":0,"16":1},"f":{"0":0,"1":0},"b":{}}
,"E:\\Projects\\Microservices Projects\\tickethub\\payments\\src\\stripe.ts": {"path":"E:\\Projects\\Microservices Projects\\tickethub\\payments\\src\\stripe.ts","statementMap":{"0":{"start":{"line":1,"column":0},"end":{"line":1,"column":28}},"1":{"start":{"line":3,"column":0},"end":{"line":5,"column":null}},"2":{"start":{"line":4,"column":2},"end":{"line":4,"column":44}},"3":{"start":{"line":7,"column":13},"end":{"line":9,"column":3}}},"fnMap":{},"branchMap":{"0":{"loc":{"start":{"line":3,"column":0},"end":{"line":5,"column":null}},"type":"if","locations":[{"start":{"line":3,"column":0},"end":{"line":5,"column":null}}]}},"s":{"0":1,"1":1,"2":0,"3":1},"f":{},"b":{"0":[0]}}
,"E:\\Projects\\Microservices Projects\\tickethub\\payments\\src\\models\\order.ts": {"path":"E:\\Projects\\Microservices Projects\\tickethub\\payments\\src\\models\\order.ts","statementMap":{"0":{"start":{"line":2,"column":0},"end":{"line":2,"column":61}},"1":{"start":{"line":3,"column":0},"end":{"line":3,"column":67}},"2":{"start":{"line":30,"column":20},"end":{"line":53,"column":null}},"3":{"start":{"line":48,"column":8},"end":{"line":48,"column":25}},"4":{"start":{"line":49,"column":8},"end":{"line":49,"column":23}},"5":{"start":{"line":50,"column":8},"end":{"line":50,"column":23}},"6":{"start":{"line":56,"column":0},"end":{"line":56,"column":41}},"7":{"start":{"line":57,"column":0},"end":{"line":57,"column":42}},"8":{"start":{"line":59,"column":0},"end":{"line":67,"column":2}},"9":{"start":{"line":60,"column":2},"end":{"line":66,"column":5}},"10":{"start":{"line":69,"column":0},"end":{"line":74,"column":2}},"11":{"start":{"line":69,"column":64},"end":{"line":74,"column":2}},"12":{"start":{"line":70,"column":2},"end":{"line":73,"column":5}},"13":{"start":{"line":76,"column":14},"end":{"line":76,"column":72}},"14":{"start":{"line":78,"column":9},"end":{"line":78,"column":14}}},"fnMap":{"0":{"name":"(anonymous_13)","decl":{"start":{"line":47,"column":6},"end":{"line":47,"column":15}},"loc":{"start":{"line":47,"column":24},"end":{"line":51,"column":7}}},"1":{"name":"(anonymous_14)","decl":{"start":{"line":59,"column":28},"end":{"line":59,"column":29}},"loc":{"start":{"line":59,"column":50},"end":{"line":67,"column":1}}},"2":{"name":"(anonymous_15)","decl":{"start":{"line":69,"column":34},"end":{"line":69,"column":41}},"loc":{"start":{"line":69,"column":64},"end":{"line":74,"column":2}}},"3":{"name":"(anonymous_16)","decl":{"start":{"line":69,"column":64},"end":{"line":69,"column":null}},"loc":{"start":{"line":69,"column":64},"end":{"line":74,"column":1}}}},"branchMap":{},"s":{"0":1,"1":1,"2":1,"3":0,"4":0,"5":0,"6":1,"7":1,"8":1,"9":3,"10":1,"11":0,"12":0,"13":1,"14":1},"f":{"0":0,"1":3,"2":0,"3":0},"b":{}}
,"E:\\Projects\\Microservices Projects\\tickethub\\payments\\src\\models\\payment.ts": {"path":"E:\\Projects\\Microservices Projects\\tickethub\\payments\\src\\models\\payment.ts","statementMap":{"0":{"start":{"line":1,"column":0},"end":{"line":1,"column":61}},"1":{"start":{"line":17,"column":22},"end":{"line":35,"column":null}},"2":{"start":{"line":31,"column":8},"end":{"line":31,"column":25}},"3":{"start":{"line":32,"column":8},"end":{"line":32,"column":23}},"4":{"start":{"line":38,"column":0},"end":{"line":40,"column":2}},"5":{"start":{"line":39,"column":2},"end":{"line":39,"column":28}},"6":{"start":{"line":42,"column":16},"end":{"line":44,"column":null}},"7":{"start":{"line":47,"column":9},"end":{"line":47,"column":16}}},"fnMap":{"0":{"name":"(anonymous_6)","decl":{"start":{"line":30,"column":6},"end":{"line":30,"column":15}},"loc":{"start":{"line":30,"column":24},"end":{"line":33,"column":7}}},"1":{"name":"(anonymous_7)","decl":{"start":{"line":38,"column":30},"end":{"line":38,"column":31}},"loc":{"start":{"line":38,"column":55},"end":{"line":40,"column":1}}}},"branchMap":{},"s":{"0":1,"1":1,"2":0,"3":0,"4":1,"5":1,"6":1,"7":1},"f":{"0":0,"1":1},"b":{}}
,"E:\\Projects\\Microservices Projects\\tickethub\\payments\\src\\routes\\new.ts": {"path":"E:\\Projects\\Microservices Projects\\tickethub\\payments\\src\\routes\\new.ts","statementMap":{"0":{"start":{"line":1,"column":0},"end":{"line":1,"column":53}},"1":{"start":{"line":2,"column":0},"end":{"line":2,"column":41}},"2":{"start":{"line":3,"column":0},"end":{"line":3,"column":null}},"3":{"start":{"line":11,"column":0},"end":{"line":11,"column":40}},"4":{"start":{"line":12,"column":0},"end":{"line":12,"column":35}},"5":{"start":{"line":13,"column":0},"end":{"line":13,"column":44}},"6":{"start":{"line":15,"column":15},"end":{"line":15,"column":31}},"7":{"start":{"line":66,"column":19},"end":{"line":66,"column":36}},"8":{"start":{"line":17,"column":0},"end":{"line":64,"column":2}},"9":{"start":{"line":28,"column":40},"end":{"line":63,"column":null}},"10":{"start":{"line":29,"column":31},"end":{"line":29,"column":39}},"11":{"start":{"line":31,"column":18},"end":{"line":31,"column":47}},"12":{"start":{"line":33,"column":4},"end":{"line":35,"column":null}},"13":{"start":{"line":34,"column":6},"end":{"line":34,"column":32}},"14":{"start":{"line":37,"column":4},"end":{"line":39,"column":null}},"15":{"start":{"line":38,"column":6},"end":{"line":38,"column":37}},"16":{"start":{"line":41,"column":4},"end":{"line":43,"column":null}},"17":{"start":{"line":42,"column":6},"end":{"line":42,"column":62}},"18":{"start":{"line":45,"column":4},"end":{"line":53,"column":null}},"19":{"start":{"line":46,"column":6},"end":{"line":50,"column":9}},"20":{"start":{"line":52,"column":6},"end":{"line":52,"column":51}},"21":{"start":{"line":55,"column":20},"end":{"line":58,"column":6}},"22":{"start":{"line":60,"column":4},"end":{"line":60,"column":25}},"23":{"start":{"line":62,"column":4},"end":{"line":62,"column":44}}},"fnMap":{"0":{"name":"(anonymous_8)","decl":{"start":{"line":28,"column":2},"end":{"line":28,"column":9}},"loc":{"start":{"line":28,"column":40},"end":{"line":63,"column":null}}},"1":{"name":"(anonymous_9)","decl":{"start":{"line":28,"column":40},"end":{"line":28,"column":null}},"loc":{"start":{"line":28,"column":40},"end":{"line":63,"column":3}}}},"branchMap":{"0":{"loc":{"start":{"line":33,"column":4},"end":{"line":35,"column":null}},"type":"if","locations":[{"start":{"line":33,"column":4},"end":{"line":35,"column":null}}]},"1":{"loc":{"start":{"line":37,"column":4},"end":{"line":39,"column":null}},"type":"if","locations":[{"start":{"line":37,"column":4},"end":{"line":39,"column":null}}]},"2":{"loc":{"start":{"line":41,"column":4},"end":{"line":43,"column":null}},"type":"if","locations":[{"start":{"line":41,"column":4},"end":{"line":43,"column":null}}]}},"s":{"0":1,"1":1,"2":1,"3":1,"4":1,"5":1,"6":1,"7":1,"8":1,"9":4,"10":4,"11":4,"12":4,"13":1,"14":3,"15":1,"16":2,"17":1,"18":1,"19":1,"20":0,"21":1,"22":1,"23":1},"f":{"0":4,"1":4},"b":{"0":[1],"1":[1],"2":[1]}}
}
