TN:
SF:src\app.ts
FN:28,(anonymous_8)
FN:28,(anonymous_9)
FNF:2
FNH:0
FNDA:0,(anonymous_8)
FNDA:0,(anonymous_9)
DA:1,1
DA:2,1
DA:3,1
DA:4,1
DA:5,1
DA:12,1
DA:14,1
DA:15,1
DA:17,1
DA:18,1
DA:25,1
DA:26,1
DA:28,1
DA:29,0
DA:32,1
DA:34,1
LF:16
LH:15
BRF:0
BRH:0
end_of_record
TN:
SF:src\stripe.ts
FNF:0
FNH:0
DA:1,1
DA:3,1
DA:4,0
DA:7,1
LF:4
LH:3
BRDA:3,0,0,0
BRF:1
BRH:0
end_of_record
TN:
SF:src\models\order.ts
FN:47,(anonymous_13)
FN:59,(anonymous_14)
FN:69,(anonymous_15)
FN:69,(anonymous_16)
FNF:4
FNH:1
FNDA:0,(anonymous_13)
FNDA:3,(anonymous_14)
FNDA:0,(anonymous_15)
FNDA:0,(anonymous_16)
DA:2,1
DA:3,1
DA:30,1
DA:48,0
DA:49,0
DA:50,0
DA:56,1
DA:57,1
DA:59,1
DA:60,3
DA:69,1
DA:70,0
DA:76,1
DA:78,1
LF:14
LH:10
BRF:0
BRH:0
end_of_record
TN:
SF:src\models\payment.ts
FN:30,(anonymous_6)
FN:38,(anonymous_7)
FNF:2
FNH:1
FNDA:0,(anonymous_6)
FNDA:1,(anonymous_7)
DA:1,1
DA:17,1
DA:31,0
DA:32,0
DA:38,1
DA:39,1
DA:42,1
DA:47,1
LF:8
LH:6
BRF:0
BRH:0
end_of_record
TN:
SF:src\routes\new.ts
FN:28,(anonymous_8)
FN:28,(anonymous_9)
FNF:2
FNH:2
FNDA:4,(anonymous_8)
FNDA:4,(anonymous_9)
DA:1,1
DA:2,1
DA:3,1
DA:11,1
DA:12,1
DA:13,1
DA:15,1
DA:17,1
DA:28,4
DA:29,4
DA:31,4
DA:33,4
DA:34,1
DA:37,3
DA:38,1
DA:41,2
DA:42,1
DA:45,1
DA:46,1
DA:52,0
DA:55,1
DA:60,1
DA:62,1
DA:66,1
LF:24
LH:23
BRDA:33,0,0,1
BRDA:37,1,0,1
BRDA:41,2,0,1
BRF:3
BRH:3
end_of_record
