{"E:\\Projects\\Microservices Projects\\tickethub\\tickets\\src\\app.ts": {"path":"E:\\Projects\\Microservices Projects\\tickethub\\tickets\\src\\app.ts","statementMap":{"0":{"start":{"line":1,"column":0},"end":{"line":1,"column":53}},"1":{"start":{"line":2,"column":0},"end":{"line":2,"column":30}},"2":{"start":{"line":3,"column":0},"end":{"line":3,"column":43}},"3":{"start":{"line":4,"column":0},"end":{"line":4,"column":35}},"4":{"start":{"line":5,"column":0},"end":{"line":5,"column":null}},"5":{"start":{"line":11,"column":0},"end":{"line":11,"column":50}},"6":{"start":{"line":12,"column":0},"end":{"line":12,"column":49}},"7":{"start":{"line":13,"column":0},"end":{"line":13,"column":46}},"8":{"start":{"line":14,"column":0},"end":{"line":14,"column":53}},"9":{"start":{"line":16,"column":12},"end":{"line":16,"column":21}},"10":{"start":{"line":39,"column":9},"end":{"line":39,"column":12}},"11":{"start":{"line":17,"column":0},"end":{"line":17,"column":29}},"12":{"start":{"line":19,"column":0},"end":{"line":19,"column":16}},"13":{"start":{"line":20,"column":0},"end":{"line":25,"column":2}},"14":{"start":{"line":27,"column":0},"end":{"line":27,"column":21}},"15":{"start":{"line":28,"column":0},"end":{"line":28,"column":28}},"16":{"start":{"line":29,"column":0},"end":{"line":29,"column":26}},"17":{"start":{"line":30,"column":0},"end":{"line":30,"column":28}},"18":{"start":{"line":31,"column":0},"end":{"line":31,"column":28}},"19":{"start":{"line":33,"column":0},"end":{"line":35,"column":3}},"20":{"start":{"line":33,"column":51},"end":{"line":35,"column":2}},"21":{"start":{"line":34,"column":2},"end":{"line":34,"column":28}},"22":{"start":{"line":37,"column":0},"end":{"line":37,"column":22}}},"fnMap":{"0":{"name":"(anonymous_8)","decl":{"start":{"line":33,"column":13},"end":{"line":33,"column":20}},"loc":{"start":{"line":33,"column":51},"end":{"line":35,"column":2}}},"1":{"name":"(anonymous_9)","decl":{"start":{"line":33,"column":51},"end":{"line":33,"column":null}},"loc":{"start":{"line":33,"column":51},"end":{"line":35,"column":1}}}},"branchMap":{},"s":{"0":5,"1":5,"2":5,"3":5,"4":5,"5":5,"6":5,"7":5,"8":5,"9":5,"10":5,"11":5,"12":5,"13":5,"14":5,"15":5,"16":5,"17":5,"18":5,"19":5,"20":4,"21":4,"22":5},"f":{"0":4,"1":4},"b":{}}
,"E:\\Projects\\Microservices Projects\\tickethub\\tickets\\src\\events\\publishers\\ticket-created-publisher.ts": {"path":"E:\\Projects\\Microservices Projects\\tickethub\\tickets\\src\\events\\publishers\\ticket-created-publisher.ts","statementMap":{"0":{"start":{"line":1,"column":0},"end":{"line":1,"column":79}},"1":{"start":{"line":4,"column":2},"end":{"line":4,"column":59}},"2":{"start":{"line":3,"column":0},"end":{"line":3,"column":13}}},"fnMap":{"0":{"name":"(anonymous_0)","decl":{"start":{"line":3,"column":0},"end":{"line":3,"column":13}},"loc":{"start":{"line":3,"column":0},"end":{"line":5,"column":1}}}},"branchMap":{},"s":{"0":5,"1":11,"2":5},"f":{"0":11},"b":{}}
,"E:\\Projects\\Microservices Projects\\tickethub\\tickets\\src\\events\\publishers\\ticket-updated-publisher.ts": {"path":"E:\\Projects\\Microservices Projects\\tickethub\\tickets\\src\\events\\publishers\\ticket-updated-publisher.ts","statementMap":{"0":{"start":{"line":1,"column":0},"end":{"line":1,"column":79}},"1":{"start":{"line":4,"column":2},"end":{"line":4,"column":59}},"2":{"start":{"line":3,"column":0},"end":{"line":3,"column":13}}},"fnMap":{"0":{"name":"(anonymous_0)","decl":{"start":{"line":3,"column":0},"end":{"line":3,"column":13}},"loc":{"start":{"line":3,"column":0},"end":{"line":5,"column":1}}}},"branchMap":{},"s":{"0":7,"1":6,"2":7},"f":{"0":6},"b":{}}
,"E:\\Projects\\Microservices Projects\\tickethub\\tickets\\src\\events\\subscribers\\order-cancelled-subscriber.ts": {"path":"E:\\Projects\\Microservices Projects\\tickethub\\tickets\\src\\events\\subscribers\\order-cancelled-subscriber.ts","statementMap":{"0":{"start":{"line":1,"column":0},"end":{"line":1,"column":null}},"1":{"start":{"line":7,"column":0},"end":{"line":7,"column":45}},"2":{"start":{"line":8,"column":0},"end":{"line":8,"column":80}},"3":{"start":{"line":9,"column":0},"end":{"line":9,"column":52}},"4":{"start":{"line":12,"column":2},"end":{"line":12,"column":61}},"5":{"start":{"line":13,"column":2},"end":{"line":13,"column":34}},"6":{"start":{"line":16,"column":19},"end":{"line":16,"column":56}},"7":{"start":{"line":18,"column":4},"end":{"line":20,"column":null}},"8":{"start":{"line":19,"column":6},"end":{"line":19,"column":42}},"9":{"start":{"line":22,"column":4},"end":{"line":22,"column":39}},"10":{"start":{"line":24,"column":4},"end":{"line":24,"column":24}},"11":{"start":{"line":26,"column":4},"end":{"line":33,"column":7}},"12":{"start":{"line":35,"column":4},"end":{"line":35,"column":14}},"13":{"start":{"line":11,"column":0},"end":{"line":11,"column":13}}},"fnMap":{"0":{"name":"(anonymous_7)","decl":{"start":{"line":11,"column":0},"end":{"line":11,"column":13}},"loc":{"start":{"line":11,"column":0},"end":{"line":37,"column":1}}},"1":{"name":"(anonymous_8)","decl":{"start":{"line":15,"column":8},"end":{"line":15,"column":17}},"loc":{"start":{"line":15,"column":65},"end":{"line":36,"column":null}}}},"branchMap":{"0":{"loc":{"start":{"line":18,"column":4},"end":{"line":20,"column":null}},"type":"if","locations":[{"start":{"line":18,"column":4},"end":{"line":20,"column":null}}]}},"s":{"0":1,"1":1,"2":1,"3":1,"4":1,"5":1,"6":1,"7":1,"8":0,"9":1,"10":1,"11":1,"12":1,"13":1},"f":{"0":1,"1":1},"b":{"0":[0]}}
,"E:\\Projects\\Microservices Projects\\tickethub\\tickets\\src\\events\\subscribers\\order-created-subscriber.ts": {"path":"E:\\Projects\\Microservices Projects\\tickethub\\tickets\\src\\events\\subscribers\\order-created-subscriber.ts","statementMap":{"0":{"start":{"line":1,"column":0},"end":{"line":1,"column":79}},"1":{"start":{"line":3,"column":0},"end":{"line":3,"column":52}},"2":{"start":{"line":4,"column":0},"end":{"line":4,"column":45}},"3":{"start":{"line":5,"column":0},"end":{"line":5,"column":80}},"4":{"start":{"line":8,"column":2},"end":{"line":8,"column":57}},"5":{"start":{"line":9,"column":2},"end":{"line":9,"column":34}},"6":{"start":{"line":12,"column":40},"end":{"line":12,"column":44}},"7":{"start":{"line":14,"column":19},"end":{"line":14,"column":56}},"8":{"start":{"line":16,"column":4},"end":{"line":18,"column":null}},"9":{"start":{"line":17,"column":6},"end":{"line":17,"column":42}},"10":{"start":{"line":20,"column":4},"end":{"line":20,"column":30}},"11":{"start":{"line":22,"column":4},"end":{"line":22,"column":24}},"12":{"start":{"line":24,"column":4},"end":{"line":31,"column":7}},"13":{"start":{"line":33,"column":4},"end":{"line":33,"column":14}},"14":{"start":{"line":7,"column":0},"end":{"line":7,"column":13}}},"fnMap":{"0":{"name":"(anonymous_7)","decl":{"start":{"line":7,"column":0},"end":{"line":7,"column":13}},"loc":{"start":{"line":7,"column":0},"end":{"line":35,"column":1}}},"1":{"name":"(anonymous_8)","decl":{"start":{"line":11,"column":8},"end":{"line":11,"column":17}},"loc":{"start":{"line":11,"column":63},"end":{"line":34,"column":null}}}},"branchMap":{"0":{"loc":{"start":{"line":16,"column":4},"end":{"line":18,"column":null}},"type":"if","locations":[{"start":{"line":16,"column":4},"end":{"line":18,"column":null}}]}},"s":{"0":1,"1":1,"2":1,"3":1,"4":3,"5":3,"6":3,"7":3,"8":3,"9":0,"10":3,"11":3,"12":3,"13":3,"14":1},"f":{"0":3,"1":3},"b":{"0":[0]}}
,"E:\\Projects\\Microservices Projects\\tickethub\\tickets\\src\\events\\subscribers\\queue-group-name.ts": {"path":"E:\\Projects\\Microservices Projects\\tickethub\\tickets\\src\\events\\subscribers\\queue-group-name.ts","statementMap":{"0":{"start":{"line":1,"column":13},"end":{"line":1,"column":48}}},"fnMap":{},"branchMap":{},"s":{"0":2},"f":{},"b":{}}
,"E:\\Projects\\Microservices Projects\\tickethub\\tickets\\src\\models\\ticket.ts": {"path":"E:\\Projects\\Microservices Projects\\tickethub\\tickets\\src\\models\\ticket.ts","statementMap":{"0":{"start":{"line":1,"column":0},"end":{"line":1,"column":61}},"1":{"start":{"line":2,"column":0},"end":{"line":2,"column":67}},"2":{"start":{"line":22,"column":21},"end":{"line":48,"column":null}},"3":{"start":{"line":43,"column":8},"end":{"line":43,"column":25}},"4":{"start":{"line":44,"column":8},"end":{"line":44,"column":23}},"5":{"start":{"line":45,"column":8},"end":{"line":45,"column":23}},"6":{"start":{"line":52,"column":0},"end":{"line":52,"column":42}},"7":{"start":{"line":53,"column":0},"end":{"line":53,"column":43}},"8":{"start":{"line":55,"column":0},"end":{"line":57,"column":2}},"9":{"start":{"line":56,"column":2},"end":{"line":56,"column":27}},"10":{"start":{"line":59,"column":15},"end":{"line":59,"column":77}},"11":{"start":{"line":61,"column":9},"end":{"line":61,"column":15}}},"fnMap":{"0":{"name":"(anonymous_6)","decl":{"start":{"line":42,"column":6},"end":{"line":42,"column":15}},"loc":{"start":{"line":42,"column":24},"end":{"line":46,"column":7}}},"1":{"name":"(anonymous_7)","decl":{"start":{"line":55,"column":29},"end":{"line":55,"column":30}},"loc":{"start":{"line":55,"column":52},"end":{"line":57,"column":1}}}},"branchMap":{},"s":{"0":8,"1":8,"2":8,"3":19,"4":19,"5":19,"6":8,"7":8,"8":8,"9":20,"10":8,"11":8},"f":{"0":19,"1":20},"b":{}}
,"E:\\Projects\\Microservices Projects\\tickethub\\tickets\\src\\routes\\index.ts": {"path":"E:\\Projects\\Microservices Projects\\tickethub\\tickets\\src\\routes\\index.ts","statementMap":{"0":{"start":{"line":1,"column":0},"end":{"line":1,"column":53}},"1":{"start":{"line":2,"column":0},"end":{"line":2,"column":42}},"2":{"start":{"line":4,"column":15},"end":{"line":4,"column":31}},"3":{"start":{"line":11,"column":19},"end":{"line":11,"column":37}},"4":{"start":{"line":6,"column":0},"end":{"line":9,"column":3}},"5":{"start":{"line":6,"column":65},"end":{"line":9,"column":2}},"6":{"start":{"line":7,"column":18},"end":{"line":7,"column":39}},"7":{"start":{"line":8,"column":2},"end":{"line":8,"column":32}}},"fnMap":{"0":{"name":"(anonymous_8)","decl":{"start":{"line":6,"column":27},"end":{"line":6,"column":34}},"loc":{"start":{"line":6,"column":65},"end":{"line":9,"column":2}}},"1":{"name":"(anonymous_9)","decl":{"start":{"line":6,"column":65},"end":{"line":6,"column":null}},"loc":{"start":{"line":6,"column":65},"end":{"line":9,"column":1}}}},"branchMap":{},"s":{"0":5,"1":5,"2":5,"3":5,"4":5,"5":1,"6":1,"7":1},"f":{"0":1,"1":1},"b":{}}
,"E:\\Projects\\Microservices Projects\\tickethub\\tickets\\src\\routes\\new.ts": {"path":"E:\\Projects\\Microservices Projects\\tickethub\\tickets\\src\\routes\\new.ts","statementMap":{"0":{"start":{"line":1,"column":0},"end":{"line":1,"column":53}},"1":{"start":{"line":2,"column":0},"end":{"line":2,"column":68}},"2":{"start":{"line":3,"column":0},"end":{"line":3,"column":41}},"3":{"start":{"line":4,"column":0},"end":{"line":4,"column":42}},"4":{"start":{"line":5,"column":0},"end":{"line":5,"column":87}},"5":{"start":{"line":6,"column":0},"end":{"line":6,"column":46}},"6":{"start":{"line":8,"column":15},"end":{"line":8,"column":31}},"7":{"start":{"line":39,"column":19},"end":{"line":39,"column":37}},"8":{"start":{"line":10,"column":0},"end":{"line":37,"column":2}},"9":{"start":{"line":21,"column":40},"end":{"line":36,"column":null}},"10":{"start":{"line":22,"column":29},"end":{"line":22,"column":37}},"11":{"start":{"line":23,"column":19},"end":{"line":23,"column":78}},"12":{"start":{"line":25,"column":4},"end":{"line":25,"column":24}},"13":{"start":{"line":27,"column":4},"end":{"line":33,"column":7}},"14":{"start":{"line":35,"column":4},"end":{"line":35,"column":33}}},"fnMap":{"0":{"name":"(anonymous_8)","decl":{"start":{"line":21,"column":2},"end":{"line":21,"column":9}},"loc":{"start":{"line":21,"column":40},"end":{"line":36,"column":null}}},"1":{"name":"(anonymous_9)","decl":{"start":{"line":21,"column":40},"end":{"line":21,"column":null}},"loc":{"start":{"line":21,"column":40},"end":{"line":36,"column":3}}}},"branchMap":{},"s":{"0":5,"1":5,"2":5,"3":5,"4":5,"5":5,"6":5,"7":5,"8":5,"9":11,"10":11,"11":11,"12":11,"13":11,"14":11},"f":{"0":11,"1":11},"b":{}}
,"E:\\Projects\\Microservices Projects\\tickethub\\tickets\\src\\routes\\show.ts": {"path":"E:\\Projects\\Microservices Projects\\tickethub\\tickets\\src\\routes\\show.ts","statementMap":{"0":{"start":{"line":1,"column":0},"end":{"line":1,"column":53}},"1":{"start":{"line":2,"column":0},"end":{"line":2,"column":53}},"2":{"start":{"line":3,"column":0},"end":{"line":3,"column":42}},"3":{"start":{"line":5,"column":15},"end":{"line":5,"column":31}},"4":{"start":{"line":16,"column":19},"end":{"line":16,"column":35}},"5":{"start":{"line":7,"column":0},"end":{"line":14,"column":3}},"6":{"start":{"line":7,"column":69},"end":{"line":14,"column":2}},"7":{"start":{"line":8,"column":17},"end":{"line":8,"column":53}},"8":{"start":{"line":9,"column":2},"end":{"line":11,"column":null}},"9":{"start":{"line":10,"column":4},"end":{"line":10,"column":30}},"10":{"start":{"line":13,"column":2},"end":{"line":13,"column":19}}},"fnMap":{"0":{"name":"(anonymous_8)","decl":{"start":{"line":7,"column":31},"end":{"line":7,"column":38}},"loc":{"start":{"line":7,"column":69},"end":{"line":14,"column":2}}},"1":{"name":"(anonymous_9)","decl":{"start":{"line":7,"column":69},"end":{"line":7,"column":null}},"loc":{"start":{"line":7,"column":69},"end":{"line":14,"column":1}}}},"branchMap":{"0":{"loc":{"start":{"line":9,"column":2},"end":{"line":11,"column":null}},"type":"if","locations":[{"start":{"line":9,"column":2},"end":{"line":11,"column":null}}]}},"s":{"0":5,"1":5,"2":5,"3":5,"4":5,"5":5,"6":3,"7":3,"8":3,"9":1,"10":2},"f":{"0":3,"1":3},"b":{"0":[1]}}
,"E:\\Projects\\Microservices Projects\\tickethub\\tickets\\src\\routes\\update.ts": {"path":"E:\\Projects\\Microservices Projects\\tickethub\\tickets\\src\\routes\\update.ts","statementMap":{"0":{"start":{"line":1,"column":0},"end":{"line":1,"column":null}},"1":{"start":{"line":8,"column":0},"end":{"line":8,"column":53}},"2":{"start":{"line":9,"column":0},"end":{"line":9,"column":41}},"3":{"start":{"line":10,"column":0},"end":{"line":10,"column":87}},"4":{"start":{"line":11,"column":0},"end":{"line":11,"column":42}},"5":{"start":{"line":12,"column":0},"end":{"line":12,"column":46}},"6":{"start":{"line":14,"column":15},"end":{"line":14,"column":31}},"7":{"start":{"line":62,"column":19},"end":{"line":62,"column":37}},"8":{"start":{"line":16,"column":0},"end":{"line":60,"column":2}},"9":{"start":{"line":27,"column":40},"end":{"line":59,"column":null}},"10":{"start":{"line":28,"column":29},"end":{"line":28,"column":37}},"11":{"start":{"line":30,"column":19},"end":{"line":30,"column":55}},"12":{"start":{"line":32,"column":4},"end":{"line":34,"column":null}},"13":{"start":{"line":33,"column":6},"end":{"line":33,"column":32}},"14":{"start":{"line":36,"column":4},"end":{"line":38,"column":null}},"15":{"start":{"line":37,"column":6},"end":{"line":37,"column":64}},"16":{"start":{"line":40,"column":4},"end":{"line":42,"column":null}},"17":{"start":{"line":41,"column":6},"end":{"line":41,"column":37}},"18":{"start":{"line":44,"column":4},"end":{"line":47,"column":7}},"19":{"start":{"line":49,"column":4},"end":{"line":49,"column":24}},"20":{"start":{"line":51,"column":4},"end":{"line":57,"column":7}},"21":{"start":{"line":58,"column":4},"end":{"line":58,"column":21}}},"fnMap":{"0":{"name":"(anonymous_8)","decl":{"start":{"line":27,"column":2},"end":{"line":27,"column":9}},"loc":{"start":{"line":27,"column":40},"end":{"line":59,"column":null}}},"1":{"name":"(anonymous_9)","decl":{"start":{"line":27,"column":40},"end":{"line":27,"column":null}},"loc":{"start":{"line":27,"column":40},"end":{"line":59,"column":3}}}},"branchMap":{"0":{"loc":{"start":{"line":32,"column":4},"end":{"line":34,"column":null}},"type":"if","locations":[{"start":{"line":32,"column":4},"end":{"line":34,"column":null}}]},"1":{"loc":{"start":{"line":36,"column":4},"end":{"line":38,"column":null}},"type":"if","locations":[{"start":{"line":36,"column":4},"end":{"line":38,"column":null}}]},"2":{"loc":{"start":{"line":40,"column":4},"end":{"line":42,"column":null}},"type":"if","locations":[{"start":{"line":40,"column":4},"end":{"line":42,"column":null}}]},"3":{"loc":{"start":{"line":40,"column":26},"end":{"line":40,"column":45}},"type":"cond-expr","locations":[{"start":{"line":40,"column":41},"end":{"line":40,"column":43}},{"start":{"line":40,"column":41},"end":{"line":40,"column":45}}]},"4":{"loc":{"start":{"line":40,"column":26},"end":{"line":40,"column":43}},"type":"binary-expr","locations":[{"start":{"line":40,"column":26},"end":{"line":40,"column":43}},{"start":{"line":40,"column":41},"end":{"line":40,"column":43}}]}},"s":{"0":5,"1":5,"2":5,"3":5,"4":5,"5":5,"6":5,"7":5,"8":5,"9":5,"10":5,"11":5,"12":5,"13":1,"14":4,"15":1,"16":3,"17":1,"18":2,"19":2,"20":2,"21":2},"f":{"0":5,"1":5},"b":{"0":[1],"1":[1],"2":[1],"3":[0,3],"4":[3,3]}}
}
