TN:
SF:src\app.ts
FN:33,(anonymous_8)
FN:33,(anonymous_9)
FNF:2
FNH:2
FNDA:4,(anonymous_8)
FNDA:4,(anonymous_9)
DA:1,5
DA:2,5
DA:3,5
DA:4,5
DA:5,5
DA:11,5
DA:12,5
DA:13,5
DA:14,5
DA:16,5
DA:17,5
DA:19,5
DA:20,5
DA:27,5
DA:28,5
DA:29,5
DA:30,5
DA:31,5
DA:33,5
DA:34,4
DA:37,5
DA:39,5
LF:22
LH:22
BRF:0
BRH:0
end_of_record
TN:
SF:src\events\publishers\ticket-created-publisher.ts
FN:3,(anonymous_0)
FNF:1
FNH:1
FNDA:11,(anonymous_0)
DA:1,5
DA:3,5
DA:4,11
LF:3
LH:3
BRF:0
BRH:0
end_of_record
TN:
SF:src\events\publishers\ticket-updated-publisher.ts
FN:3,(anonymous_0)
FNF:1
FNH:1
FNDA:6,(anonymous_0)
DA:1,7
DA:3,7
DA:4,6
LF:3
LH:3
BRF:0
BRH:0
end_of_record
TN:
SF:src\events\subscribers\order-cancelled-subscriber.ts
FN:11,(anonymous_7)
FN:15,(anonymous_8)
FNF:2
FNH:2
FNDA:1,(anonymous_7)
FNDA:1,(anonymous_8)
DA:1,1
DA:7,1
DA:8,1
DA:9,1
DA:11,1
DA:12,1
DA:13,1
DA:16,1
DA:18,1
DA:19,0
DA:22,1
DA:24,1
DA:26,1
DA:35,1
LF:14
LH:13
BRDA:18,0,0,0
BRF:1
BRH:0
end_of_record
TN:
SF:src\events\subscribers\order-created-subscriber.ts
FN:7,(anonymous_7)
FN:11,(anonymous_8)
FNF:2
FNH:2
FNDA:3,(anonymous_7)
FNDA:3,(anonymous_8)
DA:1,1
DA:3,1
DA:4,1
DA:5,1
DA:7,1
DA:8,3
DA:9,3
DA:12,3
DA:14,3
DA:16,3
DA:17,0
DA:20,3
DA:22,3
DA:24,3
DA:33,3
LF:15
LH:14
BRDA:16,0,0,0
BRF:1
BRH:0
end_of_record
TN:
SF:src\events\subscribers\queue-group-name.ts
FNF:0
FNH:0
DA:1,2
LF:1
LH:1
BRF:0
BRH:0
end_of_record
TN:
SF:src\models\ticket.ts
FN:42,(anonymous_6)
FN:55,(anonymous_7)
FNF:2
FNH:2
FNDA:19,(anonymous_6)
FNDA:20,(anonymous_7)
DA:1,8
DA:2,8
DA:22,8
DA:43,19
DA:44,19
DA:45,19
DA:52,8
DA:53,8
DA:55,8
DA:56,20
DA:59,8
DA:61,8
LF:12
LH:12
BRF:0
BRH:0
end_of_record
TN:
SF:src\routes\index.ts
FN:6,(anonymous_8)
FN:6,(anonymous_9)
FNF:2
FNH:2
FNDA:1,(anonymous_8)
FNDA:1,(anonymous_9)
DA:1,5
DA:2,5
DA:4,5
DA:6,5
DA:7,1
DA:8,1
DA:11,5
LF:7
LH:7
BRF:0
BRH:0
end_of_record
TN:
SF:src\routes\new.ts
FN:21,(anonymous_8)
FN:21,(anonymous_9)
FNF:2
FNH:2
FNDA:11,(anonymous_8)
FNDA:11,(anonymous_9)
DA:1,5
DA:2,5
DA:3,5
DA:4,5
DA:5,5
DA:6,5
DA:8,5
DA:10,5
DA:21,11
DA:22,11
DA:23,11
DA:25,11
DA:27,11
DA:35,11
DA:39,5
LF:15
LH:15
BRF:0
BRH:0
end_of_record
TN:
SF:src\routes\show.ts
FN:7,(anonymous_8)
FN:7,(anonymous_9)
FNF:2
FNH:2
FNDA:3,(anonymous_8)
FNDA:3,(anonymous_9)
DA:1,5
DA:2,5
DA:3,5
DA:5,5
DA:7,5
DA:8,3
DA:9,3
DA:10,1
DA:13,2
DA:16,5
LF:10
LH:10
BRDA:9,0,0,1
BRF:1
BRH:1
end_of_record
TN:
SF:src\routes\update.ts
FN:27,(anonymous_8)
FN:27,(anonymous_9)
FNF:2
FNH:2
FNDA:5,(anonymous_8)
FNDA:5,(anonymous_9)
DA:1,5
DA:8,5
DA:9,5
DA:10,5
DA:11,5
DA:12,5
DA:14,5
DA:16,5
DA:27,5
DA:28,5
DA:30,5
DA:32,5
DA:33,1
DA:36,4
DA:37,1
DA:40,3
DA:41,1
DA:44,2
DA:49,2
DA:51,2
DA:58,2
DA:62,5
LF:22
LH:22
BRDA:32,0,0,1
BRDA:36,1,0,1
BRDA:40,2,0,1
BRDA:40,3,0,0
BRDA:40,3,1,3
BRDA:40,4,0,3
BRDA:40,4,1,3
BRF:7
BRH:6
end_of_record
